Determining if the pthread_create exist failed with the following output:
Change Dir: /home/dyros/testbed_jjs/build_release/CMakeFiles/CMakeTmp

Run Build Command:"/usr/bin/make" "cmTC_1b25e/fast"
/usr/bin/make -f CMakeFiles/cmTC_1b25e.dir/build.make CMakeFiles/cmTC_1b25e.dir/build
make[1]: Entering directory '/home/dyros/testbed_jjs/build_release/CMakeFiles/CMakeTmp'
Building C object CMakeFiles/cmTC_1b25e.dir/CheckSymbolExists.c.o
/usr/bin/gcc     -o CMakeFiles/cmTC_1b25e.dir/CheckSymbolExists.c.o   -c /home/dyros/testbed_jjs/build_release/CMakeFiles/CMakeTmp/CheckSymbolExists.c
Linking C executable cmTC_1b25e
/usr/bin/cmake -E cmake_link_script CMakeFiles/cmTC_1b25e.dir/link.txt --verbose=1
/usr/bin/gcc       CMakeFiles/cmTC_1b25e.dir/CheckSymbolExists.c.o  -o cmTC_1b25e -rdynamic 
CMakeFiles/cmTC_1b25e.dir/CheckSymbolExists.c.o: In function `main':
CheckSymbolExists.c:(.text+0x16): undefined reference to `pthread_create'
collect2: error: ld returned 1 exit status
CMakeFiles/cmTC_1b25e.dir/build.make:97: recipe for target 'cmTC_1b25e' failed
make[1]: *** [cmTC_1b25e] Error 1
make[1]: Leaving directory '/home/dyros/testbed_jjs/build_release/CMakeFiles/CMakeTmp'
Makefile:126: recipe for target 'cmTC_1b25e/fast' failed
make: *** [cmTC_1b25e/fast] Error 2

File /home/dyros/testbed_jjs/build_release/CMakeFiles/CMakeTmp/CheckSymbolExists.c:
/* */
#include <pthread.h>

int main(int argc, char** argv)
{
  (void)argv;
#ifndef pthread_create
  return ((int*)(&pthread_create))[argc];
#else
  (void)argc;
  return 0;
#endif
}

Determining if the function pthread_create exists in the pthreads failed with the following output:
Change Dir: /home/dyros/testbed_jjs/build_release/CMakeFiles/CMakeTmp

Run Build Command:"/usr/bin/make" "cmTC_aa4eb/fast"
/usr/bin/make -f CMakeFiles/cmTC_aa4eb.dir/build.make CMakeFiles/cmTC_aa4eb.dir/build
make[1]: Entering directory '/home/dyros/testbed_jjs/build_release/CMakeFiles/CMakeTmp'
Building C object CMakeFiles/cmTC_aa4eb.dir/CheckFunctionExists.c.o
/usr/bin/gcc    -DCHECK_FUNCTION_EXISTS=pthread_create   -o CMakeFiles/cmTC_aa4eb.dir/CheckFunctionExists.c.o   -c /usr/share/cmake-3.5/Modules/CheckFunctionExists.c
Linking C executable cmTC_aa4eb
/usr/bin/cmake -E cmake_link_script CMakeFiles/cmTC_aa4eb.dir/link.txt --verbose=1
/usr/bin/gcc   -DCHECK_FUNCTION_EXISTS=pthread_create    CMakeFiles/cmTC_aa4eb.dir/CheckFunctionExists.c.o  -o cmTC_aa4eb -rdynamic -lpthreads 
/usr/bin/ld: cannot find -lpthreads
collect2: error: ld returned 1 exit status
CMakeFiles/cmTC_aa4eb.dir/build.make:97: recipe for target 'cmTC_aa4eb' failed
make[1]: *** [cmTC_aa4eb] Error 1
make[1]: Leaving directory '/home/dyros/testbed_jjs/build_release/CMakeFiles/CMakeTmp'
Makefile:126: recipe for target 'cmTC_aa4eb/fast' failed
make: *** [cmTC_aa4eb/fast] Error 2


